
> diabetes-checker@0.0.0 build
> vite build

[36mvite v5.4.21 [32mbuilding for production...[36m[39m
transforming...
[32m✓[39m 178 modules transformed.
rendering chunks...

[unplugin-imagemin] 📦 Process start with Squoosh
- ▶ 
- ▶ 
✨ Using cached of siblings-109eb195.png
✨ Using cached of vigorous_male-c5eaef80.png
✨ Using cached of moderate_male-4e7b56fc.png
✨ Using cached of father-340ad025.png
✨ Using cached of light_male-7384b70c.png
✨ Using cached of sedentary_male-63d1f1e5.png
✨ Using cached of vigorous_female-684a4bf7.png
✨ Using cached of mother-ee442c0a.png
✨ Using cached of light_female-117dea77.png
✨ Using cached of sedentary_female-1a2f0d06.png
✨ Using cached of sleep_duration_female-4e601763.png
✨ Using cached of sleep_duration_male-409094b1.png
✨ Using cached of men-c35212bb.png
✨ Using cached of moderate_female-d6c79575.png
✨ Using cached of m_35-40-f2b5d79a.png
✨ Using cached of above_50-fcebeff0.png
✨ Using cached of m_40-45-2b7b8941.png
✨ Using cached of m_26-30-99770fab.png
✨ Using cached of m_30-35-5d19bd9e.png
✨ Using cached of m_45-50-941fb6b2.png
✨ Using cached of w_26-30-900d10cb.png
✨ Using cached of w_35-40-d0bd655f.png
✨ Using cached of w_30-35-46291923.png
✨ Using cached of w_40-45-a2127739.png
✨ Using cached of w_45-50-4427f2f2.png
✨ Using cached of above_50-f5fc4207.png
✨ Using cached of women-6089e0c6.png
✨ Using cached of male_less90-4016da3a.png
✨ Using cached of male_more100-aaaf1585.png
✨ Using cached of female_less80-78e4761d.png
✨ Using cached of male_90_100-e61e604e.png
✨ Using cached of female_80_90-099ca30b.png
✨ Using cached of female_more90-6ebc1e40.png
✨ Using cached of outside_food_male-4f9403b2.png
✨ Using cached of outside_food_female-086605b1.png
✨ Using cached of junk_food_male-c627f04c.png
✨ Using cached of junk_food_female-be944cda.png
✨ Using cached of low_male-7ba95f1a.png
✨ Using cached of moderate_male-b102b0e4.png
✨ Using cached of moderate_female-2ba0cb5b.png
✨ Using cached of low_female-28b105ff.png
✨ Using cached of high_female-4f0d95c2.png
✨ Using cached of high_male-d6e9768e.png
✨ Using cached of weight_gain_male-a1e21c41.png
✨ Using cached of weight_gain_female-0f4c8ca0.png
✨ Using cached of refined-93a5d770.png
✨ Using cached of complex-dc0e15d3.png
✨ Using cached of mixed-4b27c01f.png
✨ Using cached of men-59b67fe6.png
✨ Using cached of women-aa9666a2.png
✨ Using cached of sugary_beverages-5cd72205.png
[unplugin-imagemin] ✨ Image conversion completed!
computing gzip size...
[2mdist/[22m[32mindex.html                                 [39m[1m[2m    0.40 kB[22m[1m[22m[2m │ gzip:  0.27 kB[22m
[2mdist/[22m[32massets/father-340ad025.png                 [39m[1m[2m  144.32 kB[22m[1m[22m
[2mdist/[22m[32massets/siblings-109eb195.png               [39m[1m[2m  145.68 kB[22m[1m[22m
[2mdist/[22m[32massets/mother-ee442c0a.png                 [39m[1m[2m  154.26 kB[22m[1m[22m
[2mdist/[22m[32massets/weight_gain_female-0f4c8ca0.png     [39m[1m[2m  276.68 kB[22m[1m[22m
[2mdist/[22m[32massets/moderate_female-d6c79575.png        [39m[1m[2m  307.86 kB[22m[1m[22m
[2mdist/[22m[32massets/low_female-28b105ff.png             [39m[1m[2m  317.72 kB[22m[1m[22m
[2mdist/[22m[32massets/men-c35212bb.png                    [39m[1m[2m  318.43 kB[22m[1m[22m
[2mdist/[22m[32massets/men-59b67fe6.png                    [39m[1m[2m  318.43 kB[22m[1m[22m
[2mdist/[22m[32massets/light_male-7384b70c.png             [39m[1m[2m  319.63 kB[22m[1m[22m
[2mdist/[22m[32massets/moderate_female-2ba0cb5b.png        [39m[1m[2m  325.97 kB[22m[1m[22m
[2mdist/[22m[32massets/moderate_male-b102b0e4.png          [39m[1m[2m  330.43 kB[22m[1m[22m
[2mdist/[22m[32massets/low_male-7ba95f1a.png               [39m[1m[2m  342.87 kB[22m[1m[22m
[2mdist/[22m[32massets/moderate_male-4e7b56fc.png          [39m[1m[2m  346.83 kB[22m[1m[22m
[2mdist/[22m[32massets/high_female-4f0d95c2.png            [39m[1m[2m  353.00 kB[22m[1m[22m
[2mdist/[22m[32massets/m_45-50-941fb6b2.png                [39m[1m[2m  384.15 kB[22m[1m[22m
[2mdist/[22m[32massets/above_50-fcebeff0.png               [39m[1m[2m  385.77 kB[22m[1m[22m
[2mdist/[22m[32massets/high_male-d6e9768e.png              [39m[1m[2m  394.67 kB[22m[1m[22m
[2mdist/[22m[32massets/women-6089e0c6.png                  [39m[1m[2m  398.03 kB[22m[1m[22m
[2mdist/[22m[32massets/women-aa9666a2.png                  [39m[1m[2m  398.03 kB[22m[1m[22m
[2mdist/[22m[32massets/m_26-30-99770fab.png                [39m[1m[2m  403.98 kB[22m[1m[22m
[2mdist/[22m[32massets/m_30-35-5d19bd9e.png                [39m[1m[2m  411.98 kB[22m[1m[22m
[2mdist/[22m[32massets/junk_food_female-be944cda.png       [39m[1m[2m  416.31 kB[22m[1m[22m
[2mdist/[22m[32massets/weight_gain_male-a1e21c41.png       [39m[1m[2m  420.39 kB[22m[1m[22m
[2mdist/[22m[32massets/m_35-40-f2b5d79a.png                [39m[1m[2m  425.51 kB[22m[1m[22m
[2mdist/[22m[32massets/w_26-30-900d10cb.png                [39m[1m[2m  426.09 kB[22m[1m[22m
[2mdist/[22m[32massets/m_40-45-2b7b8941.png                [39m[1m[2m  428.19 kB[22m[1m[22m
[2mdist/[22m[32massets/w_30-35-46291923.png                [39m[1m[2m  432.96 kB[22m[1m[22m
[2mdist/[22m[32massets/junk_food_male-c627f04c.png         [39m[1m[2m  434.15 kB[22m[1m[22m
[2mdist/[22m[32massets/w_35-40-d0bd655f.png                [39m[1m[2m  436.97 kB[22m[1m[22m
[2mdist/[22m[32massets/w_40-45-a2127739.png                [39m[1m[2m  440.00 kB[22m[1m[22m
[2mdist/[22m[32massets/sleep_duration_male-409094b1.png    [39m[1m[2m  450.57 kB[22m[1m[22m
[2mdist/[22m[32massets/w_45-50-4427f2f2.png                [39m[1m[2m  451.66 kB[22m[1m[22m
[2mdist/[22m[32massets/light_female-117dea77.png           [39m[1m[2m  487.09 kB[22m[1m[22m
[2mdist/[22m[32massets/above_50-f5fc4207.png               [39m[1m[2m  499.55 kB[22m[1m[22m
[2mdist/[22m[32massets/outside_food_female-086605b1.png    [39m[1m[2m  513.93 kB[22m[1m[22m
[2mdist/[22m[32massets/outside_food_male-4f9403b2.png      [39m[1m[2m  554.00 kB[22m[1m[22m
[2mdist/[22m[32massets/vigorous_female-684a4bf7.png        [39m[1m[2m  598.60 kB[22m[1m[22m
[2mdist/[22m[32massets/sleep_duration_female-4e601763.png  [39m[1m[2m  617.57 kB[22m[1m[22m
[2mdist/[22m[32massets/sedentary_female-1a2f0d06.png       [39m[1m[2m  718.89 kB[22m[1m[22m
[2mdist/[22m[32massets/vigorous_male-c5eaef80.png          [39m[1m[2m  772.06 kB[22m[1m[22m
[2mdist/[22m[32massets/female_80_90-099ca30b.png           [39m[1m[2m  773.48 kB[22m[1m[22m
[2mdist/[22m[32massets/sedentary_male-63d1f1e5.png         [39m[1m[2m  787.04 kB[22m[1m[22m
[2mdist/[22m[32massets/female_less80-78e4761d.png          [39m[1m[2m  787.20 kB[22m[1m[22m
[2mdist/[22m[32massets/male_less90-4016da3a.png            [39m[1m[2m  806.61 kB[22m[1m[22m
[2mdist/[22m[32massets/female_more90-6ebc1e40.png          [39m[1m[2m  842.79 kB[22m[1m[22m
[2mdist/[22m[32massets/male_90_100-e61e604e.png            [39m[1m[2m  842.98 kB[22m[1m[22m
[2mdist/[22m[32massets/male_more100-aaaf1585.png           [39m[1m[2m  864.82 kB[22m[1m[22m
[2mdist/[22m[32massets/sugary_beverages-5cd72205.png       [39m[1m[2m  999.50 kB[22m[1m[22m
[2mdist/[22m[32massets/mixed-4b27c01f.png                  [39m[1m[2m1,639.16 kB[22m[1m[22m
[2mdist/[22m[32massets/complex-dc0e15d3.png                [39m[1m[2m1,739.31 kB[22m[1m[22m
[2mdist/[22m[32massets/refined-93a5d770.png                [39m[1m[2m2,013.73 kB[22m[1m[22m
[2mdist/[22m[35massets/index-vP0slnfo.css                  [39m[1m[2m   97.59 kB[22m[1m[22m[2m │ gzip: 12.13 kB[22m
[2mdist/[22m[36massets/index-DnNitWg9.js                   [39m[1m[2m  250.57 kB[22m[1m[22m[2m │ gzip: 76.86 kB[22m
[32m✓ built in 1.34s[39m
